#
# A fatal error has been detected by the Java Runtime Environment:
#
#  Internal Error (javaClasses.cpp:129), pid=1952, tid=6448
#  fatal error: Invalid layout of preloaded class
#
# JRE version: 7.0_21-b11
# Java VM: Java HotSpot(TM) Client VM (23.21-b01 mixed mode windows-x86 )
# Failed to write core dump. Minidumps are not enabled by default on client versions of Windows
#
# If you would like to submit a bug report, please visit:
#   http://bugreport.sun.com/bugreport/crash.jsp
#

---------------  T H R E A D  ---------------

Current thread (0x0039ac00):  JavaThread "Unknown thread" [_thread_in_vm, id=6448, stack(0x00840000,0x00890000)]

Stack: [0x00840000,0x00890000],  sp=0x0088f4fc,  free space=317k
Native frames: (J=compiled Java code, j=interpreted, Vv=VM code, C=native code)
V  [jvm.dll+0x170511]
V  [jvm.dll+0x16a6b6]
V  [jvm.dll+0x2082f]
V  [jvm.dll+0x208b6]
V  [jvm.dll+0x2e5dd]
V  [jvm.dll+0x2e889]
V  [jvm.dll+0x77bd1]
V  [jvm.dll+0x77f8b]
V  [jvm.dll+0x12a1b1]
V  [jvm.dll+0x14ac6a]
V  [jvm.dll+0xa9eef]
C  [javaw.exe+0x13ca]
C  [javaw.exe+0x1e3c]
C  [javaw.exe+0xa5b1]
C  [javaw.exe+0xa63b]
C  [kernel32.dll+0x133aa]  BaseThreadInitThunk+0x12
C  [ntdll.dll+0x39ef2]  RtlInitializeExceptionChain+0x63
C  [ntdll.dll+0x39ec5]  RtlInitializeExceptionChain+0x36


---------------  P R O C E S S  ---------------

Java Threads: ( => current thread )

Other Threads:

=>0x0039ac00 (exited) JavaThread "Unknown thread" [_thread_in_vm, id=6448, stack(0x00840000,0x00890000)]

VM state:not at safepoint (not fully initialized)

VM Mutex/Monitor currently owned by a thread: None

GC Heap History (0 events):
No events

Deoptimization events (0 events):
No events

Internal exceptions (0 events):
No events

Events (10 events):
Event: 0.053 loading class 0x00c96a20 done
Event: 0.054 loading class 0x00c96120 done
Event: 0.054 loading class 0x00c960f8
Event: 0.055 loading class 0x00d0af00
Event: 0.055 loading class 0x00d0af00 done
Event: 0.055 loading class 0x00d0af38
Event: 0.055 loading class 0x00d0af38 done
Event: 0.055 loading class 0x00d0ca98
Event: 0.055 loading class 0x00d0ca98 done
Event: 0.056 loading class 0x00c960f8 done


Dynamic libraries:
0x013b0000 - 0x013df000 	C:\Program Files (x86)\Java\jre7\bin\javaw.exe
0x77450000 - 0x775d0000 	C:\Windows\SysWOW64\ntdll.dll
0x76970000 - 0x76a80000 	C:\Windows\syswow64\kernel32.dll
0x75110000 - 0x75157000 	C:\Windows\syswow64\KERNELBASE.dll
0x74e30000 - 0x74ed0000 	C:\Windows\syswow64\ADVAPI32.dll
0x74f00000 - 0x74fac000 	C:\Windows\syswow64\msvcrt.dll
0x766a0000 - 0x766b9000 	C:\Windows\SysWOW64\sechost.dll
0x76340000 - 0x76430000 	C:\Windows\syswow64\RPCRT4.dll
0x74b30000 - 0x74b90000 	C:\Windows\syswow64\SspiCli.dll
0x74b20000 - 0x74b2c000 	C:\Windows\syswow64\CRYPTBASE.dll
0x74fb0000 - 0x750b0000 	C:\Windows\syswow64\USER32.dll
0x74cf0000 - 0x74d80000 	C:\Windows\syswow64\GDI32.dll
0x77420000 - 0x7742a000 	C:\Windows\syswow64\LPK.dll
0x75f10000 - 0x75fad000 	C:\Windows\syswow64\USP10.dll
0x6f350000 - 0x6f4ee000 	C:\Windows\WinSxS\x86_microsoft.windows.common-controls_6595b64144ccf1df_6.0.7601.17514_none_41e6975e2bd6f2b2\COMCTL32.dll
0x750b0000 - 0x75107000 	C:\Windows\syswow64\SHLWAPI.dll
0x76120000 - 0x76180000 	C:\Windows\system32\IMM32.DLL
0x74b90000 - 0x74c5c000 	C:\Windows\syswow64\MSCTF.dll
0x77e20000 - 0x77ede000 	C:\Program Files (x86)\Java\jre7\bin\msvcr100.dll
0x6dcd0000 - 0x6e01f000 	C:\Program Files (x86)\Java\jre7\bin\client\jvm.dll
0x72a60000 - 0x72a67000 	C:\Windows\system32\WSOCK32.dll
0x766d0000 - 0x76705000 	C:\Windows\syswow64\WS2_32.dll
0x76690000 - 0x76696000 	C:\Windows\syswow64\NSI.dll
0x71d80000 - 0x71db2000 	C:\Windows\system32\WINMM.dll
0x766c0000 - 0x766c5000 	C:\Windows\syswow64\PSAPI.DLL
0x74620000 - 0x7462c000 	C:\Program Files (x86)\Java\jre7\bin\verify.dll
0x726c0000 - 0x726e0000 	C:\Program Files (x86)\Java\jre7\bin\java.dll
0x726a0000 - 0x726b3000 	C:\Program Files (x86)\Java\jre7\bin\zip.dll
0x72e20000 - 0x72f0b000 	C:\Windows\system32\dbghelp.dll

VM Arguments:
jvm_args: -Dfile.encoding=Cp1252 -Xbootclasspath:C:\Users\Devika\Android\SDK\adt-bundle-windows-x86-20130729\sdk\platforms\android-18\android.jar 
java_command: edu.cmu.linkedin.samples.CreateMappings
Launcher Type: SUN_STANDARD

Environment Variables:
PATH=C:/Program Files (x86)/Java/jre7/bin/client;C:/Program Files (x86)/Java/jre7/bin;C:/Program Files (x86)/Java/jre7/lib/i386;C:\Windows\system32;C:\Windows;C:\Windows\System32\Wbem;C:\Windows\System32\WindowsPowerShell\v1.0\;C:\Program Files (x86)\MiKTeX 2.9\miktex\bin\;C:\Program Files (x86)\PharosSystems\Core;C:\Program Files (x86)\nodejs\;C:\RailsInstallerNew\Git\cmd;C:\RailsInstallerNew\Ruby1.9.3\bin;C:\Users\Devika\AppData\Roaming\npm;${INSTALLED_PATH}\tools;C:\Program Files (x86)\Heroku\bin;C:\Program Files (x86)\git\cmd;C:\RailsInstallerNew\Git\cmd;C:\RailsInstallerNew\Ruby1.9.3\bin;C:\Users\Devika\AppData\Roaming\npm;C:\Users\Devika\Eclipse\eclipse-java-juno-win32\eclipse;
USERNAME=Devika
OS=Windows_NT
PROCESSOR_IDENTIFIER=Intel64 Family 6 Model 23 Stepping 10, GenuineIntel



---------------  S Y S T E M  ---------------

OS: Windows 7 , 64 bit Build 7601 Service Pack 1

CPU:total 2 (2 cores per cpu, 1 threads per core) family 6 model 23 stepping 10, cmov, cx8, fxsr, mmx, sse, sse2, sse3, ssse3, sse4.1, tsc

Memory: 4k page, physical 4152176k(687416k free), swap 8302492k(2866540k free)

vm_info: Java HotSpot(TM) Client VM (23.21-b01) for windows-x86 JRE (1.7.0_21-b11), built on Apr  4 2013 04:43:10 by "java_re" with unknown MS VC++:1600

time: Fri Oct 25 21:06:41 2013
elapsed time: 0 seconds

